<?xml version="1.0" encoding="UTF-8"?>
<!-- Generated by org.testng.reporters.JUnitReportReporter -->
<testsuite hostname="dimitri-H81M-H" name="com.yahoo.ycsb.TestByteIterator" tests="1" failures="0" timestamp="24 Aug 2016 01:51:27 GMT" time="0.005" errors="0">
  <testcase name="testRandomByteIterator" time="0.005" classname="com.yahoo.ycsb.TestByteIterator"/>
</testsuite>
