<?xml version="1.0" encoding="UTF-8"?>
<!-- Generated by org.testng.reporters.JUnitReportReporter -->
<testsuite hostname="dimitri-H81M-H" name="com.yahoo.ycsb.workloads.TestCoreWorkload" tests="2" failures="0" timestamp="24 Aug 2016 01:51:27 GMT" time="0.003" errors="0">
  <testcase name="createOperationChooser" time="0.003" classname="com.yahoo.ycsb.workloads.TestCoreWorkload"/>
  <testcase name="createOperationChooserNullProperties" time="0.000" classname="com.yahoo.ycsb.workloads.TestCoreWorkload"/>
</testsuite>
